This file contains any messages produced by compilers while
running configure, to aid debugging if configure makes a mistake.

It was created by GNUnet configure 0.6.6b, which was
generated by GNU Autoconf 2.59.  Invocation command line was

  $ ./configure --host=i386-linux --build=i386-linux --prefix=/usr --mandir=${prefix}/share/man --infodir=${prefix}/share/info --disable-ipv6 --with-gcrypt=/usr --without-crypto --with-gtk=/usr --with-gdbm=/usr --with-tdb=/usr --with-bdb=/usr --without-mysql --with-libextractor=/usr --enable-guile --with-pic

## --------- ##
## Platform. ##
## --------- ##

hostname = home
uname -m = i686
uname -r = 2.6.11-gentoo-r5
uname -s = Linux
uname -v = #1 Tue Apr 5 11:21:58 EST 2005

/usr/bin/uname -p = unknown
/bin/uname -X     = unknown

/bin/arch              = i686
/usr/bin/arch -k       = unknown
/usr/convex/getsysinfo = unknown
hostinfo               = unknown
/bin/machine           = unknown
/usr/bin/oslevel       = unknown
/bin/universe          = unknown

PATH: /sbin
PATH: /bin
PATH: /usr/sbin
PATH: /usr/bin


## ----------- ##
## Core tests. ##
## ----------- ##

configure:1572: checking for a BSD-compatible install
configure:1627: result: /usr/bin/install -c
configure:1638: checking whether build environment is sane
configure:1681: result: yes
configure:1738: checking for gawk
configure:1767: result: no
configure:1738: checking for mawk
configure:1754: found /usr/bin/mawk
configure:1764: result: mawk
configure:1774: checking whether make sets $(MAKE)
configure:1794: result: yes
configure:1969: checking for gawk
configure:1995: result: mawk
configure:2013: checking for i386-linux-gcc
configure:2042: result: no
configure:2051: checking for gcc
configure:2080: result: no
configure:2093: checking for i386-linux-cc
configure:2122: result: no
configure:2131: checking for cc
configure:2160: result: no
configure:2173: checking for cc
configure:2219: result: no
configure:2230: checking for i386-linux-cl
configure:2259: result: no
configure:2272: checking for cl
configure:2301: result: no
configure:2315: error: no acceptable C compiler found in $PATH
See `config.log' for more details.

## ---------------- ##
## Cache variables. ##
## ---------------- ##

ac_cv_env_CC_set=
ac_cv_env_CC_value=
ac_cv_env_CFLAGS_set=set
ac_cv_env_CFLAGS_value='-Wall -g  -O2'
ac_cv_env_CPPFLAGS_set=
ac_cv_env_CPPFLAGS_value=
ac_cv_env_CPP_set=
ac_cv_env_CPP_value=
ac_cv_env_CXXCPP_set=
ac_cv_env_CXXCPP_value=
ac_cv_env_CXXFLAGS_set=
ac_cv_env_CXXFLAGS_value=
ac_cv_env_CXX_set=
ac_cv_env_CXX_value=
ac_cv_env_F77_set=
ac_cv_env_F77_value=
ac_cv_env_FFLAGS_set=
ac_cv_env_FFLAGS_value=
ac_cv_env_LDFLAGS_set=
ac_cv_env_LDFLAGS_value=
ac_cv_env_build_alias_set=set
ac_cv_env_build_alias_value=i386-linux
ac_cv_env_host_alias_set=set
ac_cv_env_host_alias_value=i386-linux
ac_cv_env_target_alias_set=
ac_cv_env_target_alias_value=
ac_cv_path_install='/usr/bin/install -c'
ac_cv_prog_AWK=mawk
ac_cv_prog_make_make_set=yes

## ----------------- ##
## Output variables. ##
## ----------------- ##

ACLOCAL='${SHELL} /home/bug1/gnunet-0.6.6b/missing --run aclocal-1.8'
AMDEPBACKSLASH=''
AMDEP_FALSE=''
AMDEP_TRUE=''
AMTAR='${SHELL} /home/bug1/gnunet-0.6.6b/missing --run tar'
AR=''
AS=''
AUTOCONF='${SHELL} /home/bug1/gnunet-0.6.6b/missing --run autoconf'
AUTOHEADER='${SHELL} /home/bug1/gnunet-0.6.6b/missing --run autoheader'
AUTOMAKE='${SHELL} /home/bug1/gnunet-0.6.6b/missing --run automake-1.8'
AWK='mawk'
CC=''
CCDEPMODE=''
CFLAGS='-Wall -g  -O2'
CONVENIENCE_LTDL_FALSE=''
CONVENIENCE_LTDL_TRUE=''
CPP=''
CPPFLAGS=''
CXX=''
CXXCPP=''
CXXDEPMODE=''
CXXFLAGS=''
CYGPATH_W='echo'
CYGWIN_FALSE=''
CYGWIN_TRUE=''
DEFS=''
DEPDIR=''
DLLTOOL=''
ECHO='echo'
ECHO_C=''
ECHO_N='-n'
ECHO_T=''
EGREP=''
EXEEXT=''
EXT_LIBS=''
EXT_LIB_PATH=''
F77=''
FFLAGS=''
GMSGFMT=''
GTK_CFLAGS=''
GTK_LIBS=''
GUILE=''
GUILE_CONFIG=''
GUILE_TOOLS=''
HAVE_BDB_DLL_FALSE=''
HAVE_BDB_DLL_TRUE=''
HAVE_BDB_FALSE=''
HAVE_BDB_TRUE=''
HAVE_CURSES_FALSE=''
HAVE_CURSES_TRUE=''
HAVE_DIRECTORY_FALSE=''
HAVE_DIRECTORY_TRUE=''
HAVE_GDBM_FALSE=''
HAVE_GDBM_TRUE=''
HAVE_GTK_FALSE=''
HAVE_GTK_TRUE=''
HAVE_GUILE_FALSE=''
HAVE_GUILE_TRUE=''
HAVE_IPV6_FALSE=''
HAVE_IPV6_TRUE=''
HAVE_MYSQL_FALSE=''
HAVE_MYSQL_TRUE=''
HAVE_SQLITE_FALSE=''
HAVE_SQLITE_TRUE=''
HAVE_TDB_FALSE=''
HAVE_TDB_TRUE=''
HAVE_ZLIB_FALSE=''
HAVE_ZLIB_TRUE=''
INSTALL_DATA='${INSTALL} -m 644'
INSTALL_LTDL_FALSE=''
INSTALL_LTDL_TRUE=''
INSTALL_PROGRAM='${INSTALL}'
INSTALL_SCRIPT='${INSTALL}'
INSTALL_STRIP_PROGRAM='${SHELL} $(install_sh) -c -s'
INTLLIBS=''
LDFLAGS=''
LIBADD_DL=''
LIBGCRYPT_CFLAGS=''
LIBGCRYPT_CONFIG=''
LIBGCRYPT_LIBS=''
LIBICONV=''
LIBINTL=''
LIBLTDL=''
LIBOBJS=''
LIBS=''
LIBTOOL=''
LN_S=''
LTDLINCL=''
LTLIBICONV=''
LTLIBINTL=''
LTLIBOBJS=''
MAKEINFO='${SHELL} /home/bug1/gnunet-0.6.6b/missing --run makeinfo'
MINGW_FALSE=''
MINGW_TRUE=''
MKINSTALLDIRS=''
MSGFMT=''
MSGMERGE=''
OBJDUMP=''
OBJEXT=''
PACKAGE='GNUnet'
PACKAGE_BUGREPORT='bug-gnunet@gnu.org'
PACKAGE_NAME='GNUnet'
PACKAGE_STRING='GNUnet 0.6.6b'
PACKAGE_TARNAME='gnunet'
PACKAGE_VERSION='0.6.6b'
PATH_SEPARATOR=':'
PKG_CONFIG=''
POSUB=''
RANLIB=''
SET_MAKE=''
SHELL='/bin/sh'
SOLARIS_FALSE=''
SOLARIS_TRUE=''
STRIP=''
USE_GCRYPT_FALSE=''
USE_GCRYPT_TRUE=''
USE_LIBEXTRACTOR_FALSE=''
USE_LIBEXTRACTOR_TRUE=''
USE_NLS=''
USE_OPENSSL_FALSE=''
USE_OPENSSL_TRUE=''
VERSION='0.6.6b'
XGETTEXT=''
ac_ct_AR=''
ac_ct_AS=''
ac_ct_CC=''
ac_ct_CXX=''
ac_ct_DLLTOOL=''
ac_ct_F77=''
ac_ct_OBJDUMP=''
ac_ct_RANLIB=''
ac_ct_STRIP=''
am__fastdepCC_FALSE=''
am__fastdepCC_TRUE=''
am__fastdepCXX_FALSE=''
am__fastdepCXX_TRUE=''
am__include=''
am__leading_dot='.'
am__quote=''
bindir='${exec_prefix}/bin'
build='i386-linux'
build_alias='i386-linux'
build_cpu=''
build_os=''
build_vendor=''
datadir='${prefix}/share'
exec_prefix='NONE'
guile_available=''
host='i386-linux'
host_alias='i386-linux'
host_cpu=''
host_os=''
host_vendor=''
includedir='${prefix}/include'
infodir='${prefix}/share/info'
install_sh='/home/bug1/gnunet-0.6.6b/install-sh'
libdir='${exec_prefix}/lib'
libexecdir='${exec_prefix}/libexec'
localstatedir='${prefix}/var'
mandir='${prefix}/share/man'
mkdir_p='mkdir -p -- .'
oldincludedir='/usr/include'
prefix='/usr'
program_transform_name='s,x,x,'
sbindir='${exec_prefix}/sbin'
sharedstatedir='${prefix}/com'
subdirs=''
sysconfdir='${prefix}/etc'
target_alias=''

## ----------- ##
## confdefs.h. ##
## ----------- ##

#define PACKAGE "GNUnet"
#define PACKAGE_BUGREPORT "bug-gnunet@gnu.org"
#define PACKAGE_NAME "GNUnet"
#define PACKAGE_STRING "GNUnet 0.6.6b"
#define PACKAGE_TARNAME "gnunet"
#define PACKAGE_VERSION "0.6.6b"
#define VERSION "0.6.6b"

configure: exit 1
